2025-08-21 08:27:00 | WARN | repo=pv243-a4m36jee-2016-security-seminar | action=commit
2025-08-05 07:28:00 | INFO | repo=pv243-a4m36jee-2016-security-seminar | action=test | passed=true
2025-08-24 20:16:00 | INFO | repo=pv243-a4m36jee-2016-security-seminar | action=commit
2025-08-20 16:14:00 | WARN | repo=pv243-a4m36jee-2016-security-seminar | action=commit
2025-03-07 17:45:00 | INFO | repo=pv243-a4m36jee-2016-security-seminar | action=commit
2025-01-16 18:33:00 | WARN | repo=pv243-a4m36jee-2016-security-seminar | action=commit
2025-06-19 08:03:00 | DEBUG | repo=pv243-a4m36jee-2016-security-seminar | action=commit
2025-09-01 21:11:00 | WARN | repo=pv243-a4m36jee-2016-security-seminar | action=edit | files=1
2025-07-11 08:20:00 | DEBUG | repo=pv243-a4m36jee-2016-security-seminar | action=commit
2025-11-06 18:44:00 | INFO | repo=pv243-a4m36jee-2016-security-seminar | action=commit
2025-03-28 10:32:00 | WARN | repo=pv243-a4m36jee-2016-security-seminar | action=commit
2025-09-19 12:01:00 | INFO | repo=pv243-a4m36jee-2016-security-seminar | action=commit
2025-05-08 14:22:00 | INFO | repo=pv243-a4m36jee-2016-security-seminar | action=commit
2025-04-27 08:44:00 | DEBUG | repo=pv243-a4m36jee-2016-security-seminar | action=commit
2025-01-11 17:52:00 | DEBUG | repo=pv243-a4m36jee-2016-security-seminar | action=commit
2025-02-05 10:37:00 | INFO | repo=pv243-a4m36jee-2016-security-seminar | action=commit
2025-03-05 08:49:00 | INFO | repo=pv243-a4m36jee-2016-security-seminar | action=commit
2025-10-25 13:05:00 | DEBUG | repo=pv243-a4m36jee-2016-security-seminar | action=commit
2025-05-16 16:22:00 | INFO | repo=pv243-a4m36jee-2016-security-seminar | action=commit
2025-06-16 07:23:00 | DEBUG | repo=pv243-a4m36jee-2016-security-seminar | action=commit
2025-03-22 16:09:00 | WARN | repo=pv243-a4m36jee-2016-security-seminar | action=commit
2025-09-03 09:00:00 | INFO | repo=pv243-a4m36jee-2016-security-seminar | action=commit
2025-12-09 12:10:00 | WARN | repo=pv243-a4m36jee-2016-security-seminar | action=commit
2025-09-14 08:03:00 | WARN | repo=pv243-a4m36jee-2016-security-seminar | action=test | passed=true
2025-12-09 07:31:00 | WARN | repo=pv243-a4m36jee-2016-security-seminar | action=commit
2025-11-22 12:44:00 | INFO | repo=pv243-a4m36jee-2016-security-seminar | action=commit
2025-03-07 13:55:00 | DEBUG | repo=pv243-a4m36jee-2016-security-seminar | action=commit
2025-04-12 19:56:00 | INFO | repo=pv243-a4m36jee-2016-security-seminar | action=test | passed=true
2025-06-19 14:47:00 | INFO | repo=pv243-a4m36jee-2016-security-seminar | action=pull
2025-02-19 08:48:00 | INFO | repo=pv243-a4m36jee-2016-security-seminar | action=test | passed=true
2025-11-15 10:45:00 | INFO | repo=pv243-a4m36jee-2016-security-seminar | action=commit
2025-01-14 12:32:00 | DEBUG | repo=pv243-a4m36jee-2016-security-seminar | action=commit
2025-01-21 13:11:00 | WARN | repo=pv243-a4m36jee-2016-security-seminar | action=commit
2025-10-14 16:54:00 | INFO | repo=pv243-a4m36jee-2016-security-seminar | action=commit
2025-05-08 19:24:00 | WARN | repo=pv243-a4m36jee-2016-security-seminar | action=commit
2025-09-21 18:24:00 | DEBUG | repo=pv243-a4m36jee-2016-security-seminar | action=commit
2025-01-23 14:43:00 | DEBUG | repo=pv243-a4m36jee-2016-security-seminar | action=edit | files=3
2025-05-03 08:53:00 | WARN | repo=pv243-a4m36jee-2016-security-seminar | action=commit
2025-06-10 19:38:00 | INFO | repo=pv243-a4m36jee-2016-security-seminar | action=commit
2025-05-01 11:25:00 | DEBUG | repo=pv243-a4m36jee-2016-security-seminar | action=commit
2025-10-15 10:27:00 | DEBUG | repo=pv243-a4m36jee-2016-security-seminar | action=commit
2025-09-14 20:05:00 | DEBUG | repo=pv243-a4m36jee-2016-security-seminar | action=commit
2025-08-14 10:38:00 | DEBUG | repo=pv243-a4m36jee-2016-security-seminar | action=commit
2025-02-15 11:45:00 | INFO | repo=pv243-a4m36jee-2016-security-seminar | action=commit
2025-07-22 12:22:00 | DEBUG | repo=pv243-a4m36jee-2016-security-seminar | action=commit
2025-01-10 13:12:00 | INFO | repo=pv243-a4m36jee-2016-security-seminar | action=test | passed=true
2025-11-02 10:59:00 | WARN | repo=pv243-a4m36jee-2016-security-seminar | action=commit
2025-10-17 09:31:00 | DEBUG | repo=pv243-a4m36jee-2016-security-seminar | action=commit
2025-08-14 16:12:00 | DEBUG | repo=pv243-a4m36jee-2016-security-seminar | action=commit
2025-10-16 19:02:00 | DEBUG | repo=pv243-a4m36jee-2016-security-seminar | action=commit
2025-05-16 19:20:00 | DEBUG | repo=pv243-a4m36jee-2016-security-seminar | action=commit
2025-05-25 14:41:00 | DEBUG | repo=pv243-a4m36jee-2016-security-seminar | action=edit | files=4
2025-12-07 18:36:00 | WARN | repo=pv243-a4m36jee-2016-security-seminar | action=commit
2025-05-02 20:39:00 | DEBUG | repo=pv243-a4m36jee-2016-security-seminar | action=commit
2025-09-05 09:37:00 | INFO | repo=pv243-a4m36jee-2016-security-seminar | action=commit
2025-12-27 10:46:00 | DEBUG | repo=pv243-a4m36jee-2016-security-seminar | action=commit
2025-04-17 12:45:00 | DEBUG | repo=pv243-a4m36jee-2016-security-seminar | action=commit
2025-10-20 20:27:00 | INFO | repo=pv243-a4m36jee-2016-security-seminar | action=commit
2025-11-22 16:30:00 | INFO | repo=pv243-a4m36jee-2016-security-seminar | action=pull
2025-03-06 07:54:00 | WARN | repo=pv243-a4m36jee-2016-security-seminar | action=commit
2025-03-14 13:00:00 | INFO | repo=pv243-a4m36jee-2016-security-seminar | action=test | passed=true
2025-05-21 18:01:00 | INFO | repo=pv243-a4m36jee-2016-security-seminar | action=commit
2025-08-03 08:08:00 | DEBUG | repo=pv243-a4m36jee-2016-security-seminar | action=commit
2025-12-08 15:17:00 | INFO | repo=pv243-a4m36jee-2016-security-seminar | action=commit
2025-11-27 08:49:00 | WARN | repo=pv243-a4m36jee-2016-security-seminar | action=edit | files=1
2025-12-28 11:41:00 | WARN | repo=pv243-a4m36jee-2016-security-seminar | action=test | passed=true
2025-02-09 15:28:00 | DEBUG | repo=pv243-a4m36jee-2016-security-seminar | action=edit | files=3
2025-06-07 16:17:00 | INFO | repo=pv243-a4m36jee-2016-security-seminar | action=commit
2025-09-19 12:38:00 | INFO | repo=pv243-a4m36jee-2016-security-seminar | action=commit
2025-01-14 20:02:00 | DEBUG | repo=pv243-a4m36jee-2016-security-seminar | action=commit
2025-11-12 11:34:00 | DEBUG | repo=pv243-a4m36jee-2016-security-seminar | action=commit
2025-08-03 07:36:00 | DEBUG | repo=pv243-a4m36jee-2016-security-seminar | action=commit
2025-10-08 16:57:00 | INFO | repo=pv243-a4m36jee-2016-security-seminar | action=commit
2025-12-22 08:24:00 | INFO | repo=pv243-a4m36jee-2016-security-seminar | action=commit
2025-01-12 15:53:00 | DEBUG | repo=pv243-a4m36jee-2016-security-seminar | action=commit
2025-04-07 07:53:00 | INFO | repo=pv243-a4m36jee-2016-security-seminar | action=commit
2025-01-10 21:44:00 | INFO | repo=pv243-a4m36jee-2016-security-seminar | action=commit
2025-08-12 19:35:00 | INFO | repo=pv243-a4m36jee-2016-security-seminar | action=commit
2025-08-22 08:51:00 | WARN | repo=pv243-a4m36jee-2016-security-seminar | action=commit
2025-04-01 12:11:00 | WARN | repo=pv243-a4m36jee-2016-security-seminar | action=edit | files=3
2025-01-27 07:46:00 | DEBUG | repo=pv243-a4m36jee-2016-security-seminar | action=test | passed=true
2025-02-24 20:49:00 | DEBUG | repo=pv243-a4m36jee-2016-security-seminar | action=commit
2025-01-09 11:45:00 | INFO | repo=pv243-a4m36jee-2016-security-seminar | action=commit
2025-04-09 20:20:00 | WARN | repo=pv243-a4m36jee-2016-security-seminar | action=pull
2025-05-15 08:42:00 | WARN | repo=pv243-a4m36jee-2016-security-seminar | action=commit
2025-09-01 10:16:00 | WARN | repo=pv243-a4m36jee-2016-security-seminar | action=edit | files=2
2025-02-13 15:54:00 | WARN | repo=pv243-a4m36jee-2016-security-seminar | action=commit
2025-12-05 13:55:00 | DEBUG | repo=pv243-a4m36jee-2016-security-seminar | action=commit
2025-04-10 12:51:00 | INFO | repo=pv243-a4m36jee-2016-security-seminar | action=commit
2025-04-02 19:23:00 | WARN | repo=pv243-a4m36jee-2016-security-seminar | action=commit
2025-05-12 11:03:00 | DEBUG | repo=pv243-a4m36jee-2016-security-seminar | action=commit
2025-04-27 20:08:00 | WARN | repo=pv243-a4m36jee-2016-security-seminar | action=commit
2025-10-13 20:02:00 | INFO | repo=pv243-a4m36jee-2016-security-seminar | action=commit
2025-07-15 08:40:00 | WARN | repo=pv243-a4m36jee-2016-security-seminar | action=commit
2025-02-25 11:44:00 | INFO | repo=pv243-a4m36jee-2016-security-seminar | action=commit
2025-03-08 13:48:00 | INFO | repo=pv243-a4m36jee-2016-security-seminar | action=commit
2025-12-02 19:45:00 | DEBUG | repo=pv243-a4m36jee-2016-security-seminar | action=edit | files=3
2025-06-13 21:36:00 | INFO | repo=pv243-a4m36jee-2016-security-seminar | action=commit
2025-08-03 20:09:00 | INFO | repo=pv243-a4m36jee-2016-security-seminar | action=commit
2025-08-07 15:01:00 | INFO | repo=pv243-a4m36jee-2016-security-seminar | action=commit
2025-06-09 16:52:00 | WARN | repo=pv243-a4m36jee-2016-security-seminar | action=commit
2025-01-28 13:03:00 | DEBUG | repo=pv243-a4m36jee-2016-security-seminar | action=commit
2025-04-22 07:50:00 | WARN | repo=pv243-a4m36jee-2016-security-seminar | action=commit
2025-10-09 13:12:00 | DEBUG | repo=pv243-a4m36jee-2016-security-seminar | action=commit
2025-06-16 07:08:00 | DEBUG | repo=pv243-a4m36jee-2016-security-seminar | action=commit
2025-08-22 21:30:00 | DEBUG | repo=pv243-a4m36jee-2016-security-seminar | action=commit
2025-06-04 07:59:00 | DEBUG | repo=pv243-a4m36jee-2016-security-seminar | action=test | passed=true
2025-01-03 07:50:00 | DEBUG | repo=pv243-a4m36jee-2016-security-seminar | action=commit
2025-07-20 09:51:00 | WARN | repo=pv243-a4m36jee-2016-security-seminar | action=commit
2025-05-25 08:03:00 | DEBUG | repo=pv243-a4m36jee-2016-security-seminar | action=commit
2025-05-14 08:46:00 | INFO | repo=pv243-a4m36jee-2016-security-seminar | action=commit
2025-06-07 17:43:00 | INFO | repo=pv243-a4m36jee-2016-security-seminar | action=edit | files=4
2025-07-28 09:09:00 | WARN | repo=pv243-a4m36jee-2016-security-seminar | action=commit
2025-05-12 10:22:00 | INFO | repo=pv243-a4m36jee-2016-security-seminar | action=commit
2025-11-10 20:11:00 | DEBUG | repo=pv243-a4m36jee-2016-security-seminar | action=edit | files=1
2025-06-02 07:26:00 | DEBUG | repo=pv243-a4m36jee-2016-security-seminar | action=commit
